2022-08-03 09:17:12,167 INFO o.s.b.StartupInfoLogger [main] Starting SareetaApplication on JULIANA with PID 12596 (D:\CURSOS\JAVA UDACITY\SECURITY&DEVOPS\nd035-c4-Security-and-DevOps\starter_code\target\classes started by JULIOCESARMARTINEZ in D:\CURSOS\JAVA UDACITY\SECURITY&DEVOPS\nd035-c4-Security-and-DevOps\starter_code)
2022-08-03 09:17:12,174 DEBUG o.s.b.StartupInfoLogger [main] Running with Spring Boot v2.3.2.RELEASE, Spring v5.2.8.RELEASE
2022-08-03 09:17:12,175 INFO o.s.b.SpringApplication [main] No active profile set, falling back to default profiles: default
2022-08-03 09:17:12,705 INFO o.s.d.r.c.RepositoryConfigurationDelegate [main] Bootstrapping Spring Data JPA repositories in DEFAULT mode.
2022-08-03 09:17:12,774 INFO o.s.d.r.c.RepositoryConfigurationDelegate [main] Finished Spring Data repository scanning in 56ms. Found 4 JPA repository interfaces.
2022-08-03 09:17:13,539 INFO o.s.b.w.e.t.TomcatWebServer [main] Tomcat initialized with port(s): 8080 (http)
2022-08-03 09:17:13,547 INFO o.a.j.l.DirectJDKLog [main] Initializing ProtocolHandler ["http-nio-8080"]
2022-08-03 09:17:13,548 INFO o.a.j.l.DirectJDKLog [main] Starting service [Tomcat]
2022-08-03 09:17:13,548 INFO o.a.j.l.DirectJDKLog [main] Starting Servlet engine: [Apache Tomcat/9.0.37]
2022-08-03 09:17:13,637 INFO o.a.j.l.DirectJDKLog [main] Initializing Spring embedded WebApplicationContext
2022-08-03 09:17:13,637 INFO o.s.b.w.s.c.ServletWebServerApplicationContext [main] Root WebApplicationContext: initialization completed in 1416 ms
2022-08-03 09:17:13,812 INFO o.h.j.i.u.LogHelper [main] HHH000204: Processing PersistenceUnitInfo [name: default]
2022-08-03 09:17:13,864 INFO o.h.Version [main] HHH000412: Hibernate ORM core version 5.4.18.Final
2022-08-03 09:17:13,962 INFO o.h.a.c.r.j.JavaReflectionManager [main] HCANN000001: Hibernate Commons Annotations {5.1.0.Final}
2022-08-03 09:17:14,041 INFO c.z.h.HikariDataSource [main] HikariPool-1 - Starting...
2022-08-03 09:17:14,175 INFO c.z.h.HikariDataSource [main] HikariPool-1 - Start completed.
2022-08-03 09:17:14,189 INFO o.h.d.Dialect [main] HHH000400: Using dialect: org.hibernate.dialect.H2Dialect
2022-08-03 09:17:14,759 INFO o.h.e.t.j.p.i.JtaPlatformInitiator [main] HHH000490: Using JtaPlatform implementation: [org.hibernate.engine.transaction.jta.platform.internal.NoJtaPlatform]
2022-08-03 09:17:14,765 INFO o.s.o.j.AbstractEntityManagerFactoryBean [main] Initialized JPA EntityManagerFactory for persistence unit 'default'
2022-08-03 09:17:15,060 WARN o.s.b.a.o.j.JpaBaseConfiguration$JpaWebConfiguration [main] spring.jpa.open-in-view is enabled by default. Therefore, database queries may be performed during view rendering. Explicitly configure spring.jpa.open-in-view to disable this warning
2022-08-03 09:17:15,102 DEBUG o.s.w.f.GenericFilterBean [main] Filter 'JWTAuthenticationVerficationFilter' configured for use
2022-08-03 09:17:15,373 INFO o.s.s.w.DefaultSecurityFilterChain [main] Creating filter chain: any request, [org.springframework.security.web.context.request.async.WebAsyncManagerIntegrationFilter@3a663a45, org.springframework.security.web.context.SecurityContextPersistenceFilter@4468c0ea, org.springframework.security.web.header.HeaderWriterFilter@37a0fc8c, org.springframework.web.filter.CorsFilter@e296794, org.springframework.security.web.authentication.logout.LogoutFilter@73ff7a54, com.example.demo.security.JWTAuthenticationFilter@988c126, com.example.demo.security.JWTAuthenticationVerficationFilter@3fda8dae, org.springframework.security.web.savedrequest.RequestCacheAwareFilter@53d2b827, org.springframework.security.web.servletapi.SecurityContextHolderAwareRequestFilter@3fd6dfbc, org.springframework.security.web.authentication.AnonymousAuthenticationFilter@34e53c02, org.springframework.security.web.session.SessionManagementFilter@9a37591, org.springframework.security.web.access.ExceptionTranslationFilter@1831447c, org.springframework.security.web.access.intercept.FilterSecurityInterceptor@591ba330]
2022-08-03 09:17:15,409 INFO o.s.s.c.ExecutorConfigurationSupport [main] Initializing ExecutorService 'applicationTaskExecutor'
2022-08-03 09:17:15,492 INFO o.a.j.l.DirectJDKLog [main] Starting ProtocolHandler ["http-nio-8080"]
2022-08-03 09:17:15,529 INFO o.s.b.w.e.t.TomcatWebServer [main] Tomcat started on port(s): 8080 (http) with context path ''
2022-08-03 09:17:15,538 INFO o.s.b.StartupInfoLogger [main] Started SareetaApplication in 3.705 seconds (JVM running for 4.265)
